[     437ms] [WARNING] Deprecated API for given entry type. @ https://mail.google.com/_/scs/mail-static/_/js/k=gmail.main.nl.SuMIeZ0nT2I.es5.OL/am=oAIAAAAAkPhTAfDw_54-2AACAP7Lgz9fH_hrXXT__4YhEAzwEMBUjwH0ALqsFdLz__-_m18LgL_78BnOxx8JAAiwdXRbPjzE6iqNAAAXAABw6kxOMwEAAAAAAAAAAAAAAAAAAAAuIxuZFBg/d=1/exm=b/ed=1/im=1/dg=0/br=1/wt=1/rs=AHGWq9Bfm1KgqJQ57Z036AsUc4g56ch3Tg/cb=loaded_1/m=a?cb=b0222df0:2909
[ 1290951ms] [ERROR] Failed to load resource: net::ERR_NETWORK_IO_SUSPENDED @ https://signaler-pa.clients6.google.com/punctual/multi-watch/channel?VER=8&gsessionid=wu_KdoCYI0as-h1koQzu91Se9eM33E5ZlTXTEKmhumA&key=AIzaSyCIMH2ks6VPAfRC2lqU_Snz1Lo76XGdnlc&RID=rpc&SID=VGeJvwfdsDMIst3H6GKyiA&AID=0&CI=0&TYPE=xmlhttp&zx=4pkgkyp2zav5&t=1:0
[ 1832654ms] [ERROR] Failed to load resource: net::ERR_CONNECTION_CLOSED @ https://signaler-pa.clients6.google.com/punctual/multi-watch/channel?VER=8&gsessionid=wu_KdoCYI0as-h1koQzu91Se9eM33E5ZlTXTEKmhumA&key=AIzaSyCIMH2ks6VPAfRC2lqU_Snz1Lo76XGdnlc&RID=rpc&SID=VGeJvwfdsDMIst3H6GKyiA&AID=10&CI=0&TYPE=xmlhttp&zx=8wetgzumdm63&t=2:0
[ 1833155ms] [ERROR] Failed to load resource: the server responded with a status of 400 () @ https://signaler-pa.clients6.google.com/punctual/multi-watch/channel?VER=8&gsessionid=wu_KdoCYI0as-h1koQzu91Se9eM33E5ZlTXTEKmhumA&key=AIzaSyCIMH2ks6VPAfRC2lqU_Snz1Lo76XGdnlc&RID=rpc&SID=VGeJvwfdsDMIst3H6GKyiA&AID=16&CI=0&TYPE=xmlhttp&zx=13ya3dfyf1t0&t=3:0
[ 2176842ms] [ERROR] Failed to load resource: the server responded with a status of 400 () @ https://signaler-pa.clients6.google.com/punctual/multi-watch/channel?VER=8&gsessionid=S5YhQXmGfN2NPHlWBL65xiffFJklzoHRFnJTh2vFZH4&key=AIzaSyCIMH2ks6VPAfRC2lqU_Snz1Lo76XGdnlc&RID=rpc&SID=2PYGkif-QNnR348ebksxeA&AID=17&CI=0&TYPE=xmlhttp&zx=y7dtvrin2nt5&t=1:0
[ 4260920ms] [ERROR] Failed to load resource: net::ERR_CONNECTION_CLOSED @ https://signaler-pa.clients6.google.com/punctual/multi-watch/channel?VER=8&gsessionid=hJUAjawOV8NXCbwVyHOAeaZuigH9rZpU8_QbQLjvIbM&key=AIzaSyCIMH2ks6VPAfRC2lqU_Snz1Lo76XGdnlc&RID=rpc&SID=tZuCz20tOtyu1Po8_2MTBA&AID=0&CI=0&TYPE=xmlhttp&zx=uqyy7wxlax9&t=1:0
[ 4261836ms] [ERROR] Failed to load resource: the server responded with a status of 400 () @ https://signaler-pa.clients6.google.com/punctual/multi-watch/channel?VER=8&gsessionid=hJUAjawOV8NXCbwVyHOAeaZuigH9rZpU8_QbQLjvIbM&key=AIzaSyCIMH2ks6VPAfRC2lqU_Snz1Lo76XGdnlc&RID=rpc&SID=tZuCz20tOtyu1Po8_2MTBA&AID=4&CI=0&TYPE=xmlhttp&zx=bx6f7vl1u5ax&t=2:0
[ 5189549ms] [ERROR] Failed to load resource: net::ERR_CONNECTION_CLOSED @ https://signaler-pa.clients6.google.com/punctual/multi-watch/channel?VER=8&gsessionid=o1cruWsht0mdU5UISwoa9LPcBDHdD1Awy7SVYXvCOb4&key=AIzaSyCIMH2ks6VPAfRC2lqU_Snz1Lo76XGdnlc&RID=rpc&SID=BBOUB4k0y2MidcHNQrYM9w&AID=29&CI=0&TYPE=xmlhttp&zx=z9e134j6jsjz&t=1:0
[ 5190290ms] [ERROR] Failed to load resource: the server responded with a status of 400 () @ https://signaler-pa.clients6.google.com/punctual/multi-watch/channel?VER=8&gsessionid=o1cruWsht0mdU5UISwoa9LPcBDHdD1Awy7SVYXvCOb4&key=AIzaSyCIMH2ks6VPAfRC2lqU_Snz1Lo76XGdnlc&RID=rpc&SID=BBOUB4k0y2MidcHNQrYM9w&AID=40&CI=0&TYPE=xmlhttp&zx=17j4gdg7mica&t=2:0
[15662028ms] [ERROR] Failed to load resource: net::ERR_CONNECTION_CLOSED @ https://signaler-pa.clients6.google.com/punctual/multi-watch/channel?VER=8&gsessionid=R2ZRIEgg2cHiZWcLsfu2uQw2HdiHn4CuHNpWyvIYThU&key=AIzaSyCIMH2ks6VPAfRC2lqU_Snz1Lo76XGdnlc&RID=rpc&SID=lmsBaw7pIjU_ifmVMttHQw&AID=28&CI=0&TYPE=xmlhttp&zx=7c47migj4gtf&t=1:0
[15662662ms] [ERROR] Failed to load resource: the server responded with a status of 400 () @ https://signaler-pa.clients6.google.com/punctual/multi-watch/channel?VER=8&gsessionid=R2ZRIEgg2cHiZWcLsfu2uQw2HdiHn4CuHNpWyvIYThU&key=AIzaSyCIMH2ks6VPAfRC2lqU_Snz1Lo76XGdnlc&RID=rpc&SID=lmsBaw7pIjU_ifmVMttHQw&AID=30&CI=0&TYPE=xmlhttp&zx=awr4z0u2tm4q&t=2:0
[19533337ms] [ERROR] Failed to load resource: net::ERR_CONNECTION_CLOSED @ https://signaler-pa.clients6.google.com/punctual/multi-watch/channel?VER=8&gsessionid=IZ3MCVUuE0mol8r7IJZRFRsegY8HY3XGrT2RTFSv7AQ&key=AIzaSyCIMH2ks6VPAfRC2lqU_Snz1Lo76XGdnlc&RID=rpc&SID=FQT9K6Kzv7cpQww7b8xiog&AID=14&CI=0&TYPE=xmlhttp&zx=c06xu4l9jlu9&t=1:0
[19534448ms] [ERROR] Failed to load resource: the server responded with a status of 400 () @ https://signaler-pa.clients6.google.com/punctual/multi-watch/channel?VER=8&gsessionid=IZ3MCVUuE0mol8r7IJZRFRsegY8HY3XGrT2RTFSv7AQ&key=AIzaSyCIMH2ks6VPAfRC2lqU_Snz1Lo76XGdnlc&RID=rpc&SID=FQT9K6Kzv7cpQww7b8xiog&AID=20&CI=0&TYPE=xmlhttp&zx=ekyy0xh9tdgw&t=2:0
[23488312ms] [ERROR] Failed to load resource: net::ERR_CONNECTION_CLOSED @ https://signaler-pa.clients6.google.com/punctual/multi-watch/channel?VER=8&gsessionid=K0HNfbRRYEdQdT--WlfMZppM2pO-v_4zfoP0QfrVm6s&key=AIzaSyCIMH2ks6VPAfRC2lqU_Snz1Lo76XGdnlc&RID=rpc&SID=KHMkuNFBNXmem_pV93Xl9A&AID=0&CI=0&TYPE=xmlhttp&zx=2x4k838dmbdp&t=1:0
[23489324ms] [ERROR] Failed to load resource: the server responded with a status of 400 () @ https://signaler-pa.clients6.google.com/punctual/multi-watch/channel?VER=8&gsessionid=K0HNfbRRYEdQdT--WlfMZppM2pO-v_4zfoP0QfrVm6s&key=AIzaSyCIMH2ks6VPAfRC2lqU_Snz1Lo76XGdnlc&RID=rpc&SID=KHMkuNFBNXmem_pV93Xl9A&AID=11&CI=0&TYPE=xmlhttp&zx=cjpd9s3tt8mh&t=2:0
[28065486ms] [ERROR] Failed to load resource: net::ERR_CONNECTION_CLOSED @ https://signaler-pa.clients6.google.com/punctual/multi-watch/channel?VER=8&gsessionid=hr7o11iGecbVEjeF3yDBtyZN0SZ1e_gi7ZjG3brEzn0&key=AIzaSyCIMH2ks6VPAfRC2lqU_Snz1Lo76XGdnlc&RID=rpc&SID=DHGjIVMTILVvRFWmQmKSqQ&AID=0&CI=0&TYPE=xmlhttp&zx=6xy0u4r1zzvw&t=1:0
[28066186ms] [ERROR] Failed to load resource: the server responded with a status of 400 () @ https://signaler-pa.clients6.google.com/punctual/multi-watch/channel?VER=8&gsessionid=hr7o11iGecbVEjeF3yDBtyZN0SZ1e_gi7ZjG3brEzn0&key=AIzaSyCIMH2ks6VPAfRC2lqU_Snz1Lo76XGdnlc&RID=rpc&SID=DHGjIVMTILVvRFWmQmKSqQ&AID=12&CI=0&TYPE=xmlhttp&zx=4wx1s5llrhok&t=2:0
[32655110ms] [ERROR] Failed to load resource: net::ERR_CONNECTION_CLOSED @ https://signaler-pa.clients6.google.com/punctual/multi-watch/channel?VER=8&gsessionid=dNVwjVoojPz9HiTb5mW1rB3SdtHGuzvfuJmPtL2JpHY&key=AIzaSyCIMH2ks6VPAfRC2lqU_Snz1Lo76XGdnlc&RID=rpc&SID=al-hUQhcE3_WF7c_UNvbUQ&AID=14&CI=0&TYPE=xmlhttp&zx=6okr0hlljexl&t=1:0
[32655868ms] [ERROR] Failed to load resource: the server responded with a status of 400 () @ https://signaler-pa.clients6.google.com/punctual/multi-watch/channel?VER=8&gsessionid=dNVwjVoojPz9HiTb5mW1rB3SdtHGuzvfuJmPtL2JpHY&key=AIzaSyCIMH2ks6VPAfRC2lqU_Snz1Lo76XGdnlc&RID=rpc&SID=al-hUQhcE3_WF7c_UNvbUQ&AID=17&CI=0&TYPE=xmlhttp&zx=26xwx2862gl6&t=2:0
[37938559ms] [ERROR] Failed to load resource: net::ERR_CONNECTION_CLOSED @ https://signaler-pa.clients6.google.com/punctual/multi-watch/channel?VER=8&gsessionid=CzaN1egXRvCnGzEUmjUdSuRyrf2yJieoN1zcs9t2Eiw&key=AIzaSyCIMH2ks6VPAfRC2lqU_Snz1Lo76XGdnlc&RID=rpc&SID=DGDGZXVp_XDbwJ0bgkyulg&AID=40&CI=0&TYPE=xmlhttp&zx=61xkno3ogrqv&t=1:0
[37939216ms] [ERROR] Failed to load resource: the server responded with a status of 400 () @ https://signaler-pa.clients6.google.com/punctual/multi-watch/channel?VER=8&gsessionid=CzaN1egXRvCnGzEUmjUdSuRyrf2yJieoN1zcs9t2Eiw&key=AIzaSyCIMH2ks6VPAfRC2lqU_Snz1Lo76XGdnlc&RID=rpc&SID=DGDGZXVp_XDbwJ0bgkyulg&AID=48&CI=0&TYPE=xmlhttp&zx=v29wy17xdy9e&t=2:0
[46521746ms] [ERROR] Failed to load resource: net::ERR_CONNECTION_CLOSED @ https://signaler-pa.clients6.google.com/punctual/multi-watch/channel?VER=8&gsessionid=2mZku6GCaOcnRbVaS1s6LgpOyQi8_oyb-i3IHYU4JEs&key=AIzaSyCIMH2ks6VPAfRC2lqU_Snz1Lo76XGdnlc&RID=rpc&SID=PxtAZtp62gHOl7_x9J0shw&AID=40&CI=0&TYPE=xmlhttp&zx=o481dk6dgd9x&t=1:0
[46522380ms] [ERROR] Failed to load resource: the server responded with a status of 400 () @ https://signaler-pa.clients6.google.com/punctual/multi-watch/channel?VER=8&gsessionid=2mZku6GCaOcnRbVaS1s6LgpOyQi8_oyb-i3IHYU4JEs&key=AIzaSyCIMH2ks6VPAfRC2lqU_Snz1Lo76XGdnlc&RID=rpc&SID=PxtAZtp62gHOl7_x9J0shw&AID=47&CI=0&TYPE=xmlhttp&zx=3bei1qebqklk&t=2:0
[48952096ms] [ERROR] Failed to load resource: net::ERR_NETWORK_CHANGED @ https://signaler-pa.clients6.google.com/punctual/multi-watch/channel?VER=8&gsessionid=AwiedGlyBzhbiZ1PHfrtXc0l_M6DnkubXQZTOAlvAPw&key=AIzaSyCIMH2ks6VPAfRC2lqU_Snz1Lo76XGdnlc&RID=rpc&SID=SH4qQGrcdGbpwqdoXub7Dg&AID=40&CI=0&TYPE=xmlhttp&zx=csnwzk1vbctl&t=1:0
[48958741ms] [ERROR] Failed to load resource: net::ERR_INTERNET_DISCONNECTED @ https://signaler-pa.clients6.google.com/punctual/multi-watch/channel?VER=8&gsessionid=AwiedGlyBzhbiZ1PHfrtXc0l_M6DnkubXQZTOAlvAPw&key=AIzaSyCIMH2ks6VPAfRC2lqU_Snz1Lo76XGdnlc&RID=rpc&SID=SH4qQGrcdGbpwqdoXub7Dg&AID=53&CI=0&TYPE=xmlhttp&zx=z422d0trryz2&t=2:0
[48959105ms] [ERROR] Failed to load resource: net::ERR_INTERNET_DISCONNECTED @ https://ssl.gstatic.com/ui/v1/icons/mail/images/cleardot.gif?zx=nbshsvam5c07:0
[48968036ms] [ERROR] Failed to load resource: net::ERR_INTERNET_DISCONNECTED @ https://signaler-pa.clients6.google.com/punctual/multi-watch/channel?VER=8&gsessionid=AwiedGlyBzhbiZ1PHfrtXc0l_M6DnkubXQZTOAlvAPw&key=AIzaSyCIMH2ks6VPAfRC2lqU_Snz1Lo76XGdnlc&RID=rpc&SID=SH4qQGrcdGbpwqdoXub7Dg&AID=53&CI=0&TYPE=xmlhttp&zx=qb2w172cylcl&t=3:0
[48970086ms] [ERROR] Failed to load resource: net::ERR_INTERNET_DISCONNECTED @ https://ssl.gstatic.com/ui/v1/icons/mail/images/cleardot.gif?zx=35p9ivskhg6:0
[48980106ms] [ERROR] Failed to load resource: net::ERR_INTERNET_DISCONNECTED @ https://ssl.gstatic.com/ui/v1/icons/mail/images/cleardot.gif?zx=uqf8lupzrm7v:0
[48983557ms] [ERROR] Failed to load resource: net::ERR_INTERNET_DISCONNECTED @ https://signaler-pa.clients6.google.com/punctual/multi-watch/channel?VER=8&gsessionid=AwiedGlyBzhbiZ1PHfrtXc0l_M6DnkubXQZTOAlvAPw&key=AIzaSyCIMH2ks6VPAfRC2lqU_Snz1Lo76XGdnlc&RID=rpc&SID=SH4qQGrcdGbpwqdoXub7Dg&AID=53&CI=0&TYPE=xmlhttp&zx=xxmrloz2krkr&t=4:0
[48983571ms] [ERROR] Failed to load resource: net::ERR_INTERNET_DISCONNECTED @ https://www.google.com/images/cleardot.gif?zx=6kodgfteqzx:0
[48983580ms] [ERROR] Failed to load resource: net::ERR_INTERNET_DISCONNECTED @ https://signaler-pa.clients6.google.com/punctual/v1/chooseServer?key=AIzaSyCIMH2ks6VPAfRC2lqU_Snz1Lo76XGdnlc:0
[48984083ms] [ERROR] Failed to load resource: net::ERR_INTERNET_DISCONNECTED @ https://signaler-pa.clients6.google.com/punctual/v1/chooseServer?key=AIzaSyCIMH2ks6VPAfRC2lqU_Snz1Lo76XGdnlc:0
[48985084ms] [ERROR] Failed to load resource: net::ERR_INTERNET_DISCONNECTED @ https://signaler-pa.clients6.google.com/punctual/v1/chooseServer?key=AIzaSyCIMH2ks6VPAfRC2lqU_Snz1Lo76XGdnlc:0
[48986849ms] [ERROR] Failed to load resource: net::ERR_INTERNET_DISCONNECTED @ https://signaler-pa.clients6.google.com/punctual/v1/chooseServer?key=AIzaSyCIMH2ks6VPAfRC2lqU_Snz1Lo76XGdnlc:0
[48990128ms] [ERROR] Failed to load resource: net::ERR_INTERNET_DISCONNECTED @ https://ssl.gstatic.com/ui/v1/icons/mail/images/cleardot.gif?zx=5ga1qrfon8to:0
[48990220ms] [ERROR] Failed to load resource: net::ERR_INTERNET_DISCONNECTED @ https://signaler-pa.clients6.google.com/punctual/v1/chooseServer?key=AIzaSyCIMH2ks6VPAfRC2lqU_Snz1Lo76XGdnlc:0
[49562153ms] [ERROR] Failed to load resource: net::ERR_INTERNET_DISCONNECTED @ https://signaler-pa.clients6.google.com/punctual/v1/chooseServer?key=AIzaSyCIMH2ks6VPAfRC2lqU_Snz1Lo76XGdnlc:0
[49564179ms] [ERROR] Failed to load resource: net::ERR_INTERNET_DISCONNECTED @ https://ssl.gstatic.com/ui/v1/icons/mail/images/cleardot.gif?zx=dmpo4t1dlbzj:0
[49574200ms] [ERROR] Failed to load resource: net::ERR_INTERNET_DISCONNECTED @ https://ssl.gstatic.com/ui/v1/icons/mail/images/cleardot.gif?zx=tm3reqguewpn:0
[49576378ms] [ERROR] Failed to load resource: net::ERR_INTERNET_DISCONNECTED @ https://signaler-pa.clients6.google.com/punctual/v1/chooseServer?key=AIzaSyCIMH2ks6VPAfRC2lqU_Snz1Lo76XGdnlc:0
[49577154ms] [ERROR] Failed to load resource: net::ERR_INTERNET_DISCONNECTED @ https://play.google.com/log?hasfast=true&auth=SAPISIDHASH+281fbd798617d6dcec48c639d1cdc3cef2f5a72b+SAPISID1PHASH+281fbd798617d6dcec48c639d1cdc3cef2f5a72b+SAPISID3PHASH+281fbd798617d6dcec48c639d1cdc3cef2f5a72b&authuser=0&format=json:0
[49577155ms] [ERROR] Failed to load resource: net::ERR_INTERNET_DISCONNECTED @ https://waa-pa.clients6.google.com/$rpc/google.internal.waa.v1.Waa/Ping:0
[49577155ms] [ERROR] Failed to load resource: net::ERR_INTERNET_DISCONNECTED @ https://play.google.com/log?format=json&hasfast=true&authuser=0:0
[49577462ms] [ERROR] Failed to load resource: net::ERR_INTERNET_DISCONNECTED @ https://mail.google.com/sync/u/0/i/bv?hl=nl&c=30&rt=r&pt=ji:0
[49578180ms] [ERROR] Failed to load resource: net::ERR_INTERNET_DISCONNECTED @ https://waa-pa.googleapis.com/$rpc/google.internal.waa.v1.Waa/Ping:0
[49584221ms] [ERROR] Failed to load resource: net::ERR_INTERNET_DISCONNECTED @ https://ssl.gstatic.com/ui/v1/icons/mail/images/cleardot.gif?zx=xbvmkelkgbgy:0
[49584726ms] [ERROR] Failed to load resource: net::ERR_INTERNET_DISCONNECTED @ https://play.google.com/log?format=json&hasfast=true&authuser=0:0
[49592399ms] [ERROR] Failed to load resource: net::ERR_INTERNET_DISCONNECTED @ https://play.google.com/log?format=json&hasfast=true&authuser=0:0
[49594243ms] [ERROR] Failed to load resource: net::ERR_INTERNET_DISCONNECTED @ https://ssl.gstatic.com/ui/v1/icons/mail/images/cleardot.gif?zx=mceuy1ni14jv:0
[49604262ms] [ERROR] Failed to load resource: net::ERR_INTERNET_DISCONNECTED @ https://ssl.gstatic.com/ui/v1/icons/mail/images/cleardot.gif?zx=lmhfaqvlqyz:0
[49607456ms] [ERROR] Failed to load resource: net::ERR_INTERNET_DISCONNECTED @ https://signaler-pa.clients6.google.com/punctual/v1/chooseServer?key=AIzaSyCIMH2ks6VPAfRC2lqU_Snz1Lo76XGdnlc:0
[50625783ms] [ERROR] Failed to load resource: net::ERR_INTERNET_DISCONNECTED @ https://ssl.gstatic.com/ui/v1/icons/mail/images/cleardot.gif?zx=1x4nb7q526p0:0
[54945143ms] [ERROR] Failed to load resource: the server responded with a status of 400 () @ https://signaler-pa.clients6.google.com/punctual/multi-watch/channel?VER=8&gsessionid=OyTCPzOVopzyuKVyvU6FrCTm1XD8aZTd_T6qFASwNrs&key=AIzaSyCIMH2ks6VPAfRC2lqU_Snz1Lo76XGdnlc&RID=rpc&SID=3vm6exC8qFDYB0geVTjKUQ&AID=6&CI=0&TYPE=xmlhttp&zx=qepvkp2unr2u&t=2:0
[55618787ms] [ERROR] Failed to load resource: the server responded with a status of 400 () @ https://signaler-pa.clients6.google.com/punctual/multi-watch/channel?VER=8&gsessionid=eTJMmC1rF5rbuGNpjrPgJ2UH3sfnvdtrwsjV7MpLDow&key=AIzaSyCIMH2ks6VPAfRC2lqU_Snz1Lo76XGdnlc&RID=rpc&SID=iPfyrEtRpWo3p6XP6DEtfw&AID=19&CI=0&TYPE=xmlhttp&zx=r8n86x93sijl&t=2:0
[56528732ms] [ERROR] Failed to load resource: net::ERR_CONNECTION_CLOSED @ https://signaler-pa.clients6.google.com/punctual/multi-watch/channel?VER=8&gsessionid=5phd1FW7tUbUgX-28IofBNo6tuI79uTvCE4q21se1zE&key=AIzaSyCIMH2ks6VPAfRC2lqU_Snz1Lo76XGdnlc&RID=rpc&SID=9a8cF4RQq-P6Tk-4ZtitQQ&AID=4&CI=0&TYPE=xmlhttp&zx=gvjb52c2s65i&t=2:0
[56530298ms] [ERROR] Failed to load resource: the server responded with a status of 400 () @ https://signaler-pa.clients6.google.com/punctual/multi-watch/channel?VER=8&gsessionid=5phd1FW7tUbUgX-28IofBNo6tuI79uTvCE4q21se1zE&key=AIzaSyCIMH2ks6VPAfRC2lqU_Snz1Lo76XGdnlc&RID=rpc&SID=9a8cF4RQq-P6Tk-4ZtitQQ&AID=15&CI=0&TYPE=xmlhttp&zx=xk25p8kyg9pf&t=3:0
[58287587ms] [ERROR] Failed to load resource: the server responded with a status of 400 () @ https://signaler-pa.clients6.google.com/punctual/multi-watch/channel?VER=8&gsessionid=CLYJnvHWbpApcBqIkrKr3OYddx0-mKDYZGmjbxRfrBU&key=AIzaSyCIMH2ks6VPAfRC2lqU_Snz1Lo76XGdnlc&RID=rpc&SID=CdEtWUnb0uExvPvjcyKl-A&AID=24&CI=0&TYPE=xmlhttp&zx=8aj73s6g4kpz&t=3:0
[83692115ms] [ERROR] Failed to load resource: net::ERR_NETWORK_CHANGED @ https://signaler-pa.clients6.google.com/punctual/multi-watch/channel?VER=8&gsessionid=j_ysqnE9iQbXqRyBTn91m4zmB6GLEwK6f2k86317Xa8&key=AIzaSyCIMH2ks6VPAfRC2lqU_Snz1Lo76XGdnlc&RID=rpc&SID=zK8ale-0sDW4WCTDdB-QhA&AID=28&CI=0&TYPE=xmlhttp&zx=qhxokyjfrvvn&t=1:0
[85161404ms] [ERROR] Failed to load resource: net::ERR_NETWORK_CHANGED @ https://signaler-pa.clients6.google.com/punctual/multi-watch/channel?VER=8&gsessionid=6a3l8R3fUj7NqHC9dpGHFGSfQGCZm1ETbcJFWd5WJPo&key=AIzaSyCIMH2ks6VPAfRC2lqU_Snz1Lo76XGdnlc&RID=rpc&SID=2-_Wv0Ov9eHMcNv9Uz5O6A&AID=41&CI=0&TYPE=xmlhttp&zx=jrpkmwqjr2v7&t=1:0
