[    3264ms] [ERROR] Failed to load resource: the server responded with a status of 404 () @ https://weather.com/weather/tenday/l/undefined?crop=16:9&width=480&format=pjpg&auto=webp&quality=60:0
[    5879ms] [LOG] Messaging without detection successfully executed. @ https://weather.com/weather/tenday/l/Mazury+Poland+PLXX4415:1:PL:87
[    6214ms] [WARNING] Identity value for 'email' is falsy (). This value will be removed from the request. @ https://weather.com/weather/tenday/l/Mazury+Poland+PLXX4415:1:PL:87
[    7132ms] [WARNING] For 'enrolled-in-experiment', the corresponding attribute value of 'schemaVersion' must be a string, number, boolean, or null. @ https://weather.com/weather/tenday/l/Mazury+Poland+PLXX4415:1:PL:87
[    7133ms] [WARNING] For 'enrolled-in-experiment', the corresponding attribute value of 'schemaVersion' must be a string, number, boolean, or null. @ https://weather.com/weather/tenday/l/Mazury+Poland+PLXX4415:1:PL:87
[    7134ms] [ERROR] Position latitude and/or longitude must both be of type number @ https://weather.com/weather/tenday/l/Mazury+Poland+PLXX4415:1:PL:87
[    7134ms] [WARNING] For 'page-viewed', the corresponding attribute value of 'premiumContent' must be a string, number, boolean, or null. @ https://weather.com/weather/tenday/l/Mazury+Poland+PLXX4415:1:PL:87
[    7134ms] [WARNING] For 'page-viewed', the corresponding attribute value of 'createdDate' must be a string, number, boolean, or null. @ https://weather.com/weather/tenday/l/Mazury+Poland+PLXX4415:1:PL:87
[    7134ms] [WARNING] For 'page-viewed', the corresponding attribute value of 'contentId' must be a string, number, boolean, or null. @ https://weather.com/weather/tenday/l/Mazury+Poland+PLXX4415:1:PL:87
[    7134ms] [WARNING] For 'page-viewed', the corresponding attribute value of 'publishDate' must be a string, number, boolean, or null. @ https://weather.com/weather/tenday/l/Mazury+Poland+PLXX4415:1:PL:87
[    7134ms] [WARNING] For 'page-viewed', the corresponding attribute value of 'collection' must be a string, number, boolean, or null. @ https://weather.com/weather/tenday/l/Mazury+Poland+PLXX4415:1:PL:87
[    7135ms] [WARNING] For 'page-viewed', the corresponding attribute value of 'pageTemplate' must be a string, number, boolean, or null. @ https://weather.com/weather/tenday/l/Mazury+Poland+PLXX4415:1:PL:87
[    7135ms] [WARNING] For 'page-viewed', the corresponding attribute value of 'provider' must be a string, number, boolean, or null. @ https://weather.com/weather/tenday/l/Mazury+Poland+PLXX4415:1:PL:87
[    7135ms] [WARNING] For 'page-viewed', the corresponding attribute value of 'sourcePosition' must be a string, number, boolean, or null. @ https://weather.com/weather/tenday/l/Mazury+Poland+PLXX4415:1:PL:87
[    7686ms] Error: Minified React error #418; visit https://reactjs.org/docs/error-decoder.html?invariant=418 for the full message or use the non-minified dev environment for full errors and additional helpful warnings.
    at wi (https://weather.com/daily/assets/3144.3144.33ae838c53b5614eaf17.js:14:4788)
    at ua (https://weather.com/daily/assets/3144.3144.33ae838c53b5614eaf17.js:16:45666)
    at ta (https://weather.com/daily/assets/3144.3144.33ae838c53b5614eaf17.js:16:39796)
    at Zc (https://weather.com/daily/assets/3144.3144.33ae838c53b5614eaf17.js:16:39727)
    at ml (https://weather.com/daily/assets/3144.3144.33ae838c53b5614eaf17.js:16:39586)
    at qs (https://weather.com/daily/assets/3144.3144.33ae838c53b5614eaf17.js:16:34697)
    at Ln (https://weather.com/daily/assets/3144.3144.33ae838c53b5614eaf17.js:24:1596)
    at MessagePort.Gn (https://weather.com/daily/assets/3144.3144.33ae838c53b5614eaf17.js:24:1989)
[    7686ms] Error: Minified React error #418; visit https://reactjs.org/docs/error-decoder.html?invariant=418 for the full message or use the non-minified dev environment for full errors and additional helpful warnings.
    at wi (https://weather.com/daily/assets/3144.3144.33ae838c53b5614eaf17.js:14:4788)
    at ua (https://weather.com/daily/assets/3144.3144.33ae838c53b5614eaf17.js:16:45666)
    at ta (https://weather.com/daily/assets/3144.3144.33ae838c53b5614eaf17.js:16:39796)
    at Zc (https://weather.com/daily/assets/3144.3144.33ae838c53b5614eaf17.js:16:39727)
    at ml (https://weather.com/daily/assets/3144.3144.33ae838c53b5614eaf17.js:16:39586)
    at qs (https://weather.com/daily/assets/3144.3144.33ae838c53b5614eaf17.js:16:34697)
    at Ln (https://weather.com/daily/assets/3144.3144.33ae838c53b5614eaf17.js:24:1596)
    at MessagePort.Gn (https://weather.com/daily/assets/3144.3144.33ae838c53b5614eaf17.js:24:1989)
[    7686ms] Error: Minified React error #418; visit https://reactjs.org/docs/error-decoder.html?invariant=418 for the full message or use the non-minified dev environment for full errors and additional helpful warnings.
    at wi (https://weather.com/daily/assets/3144.3144.33ae838c53b5614eaf17.js:14:4788)
    at ua (https://weather.com/daily/assets/3144.3144.33ae838c53b5614eaf17.js:16:45666)
    at ta (https://weather.com/daily/assets/3144.3144.33ae838c53b5614eaf17.js:16:39796)
    at Zc (https://weather.com/daily/assets/3144.3144.33ae838c53b5614eaf17.js:16:39727)
    at ml (https://weather.com/daily/assets/3144.3144.33ae838c53b5614eaf17.js:16:39586)
    at qs (https://weather.com/daily/assets/3144.3144.33ae838c53b5614eaf17.js:16:34697)
    at Ln (https://weather.com/daily/assets/3144.3144.33ae838c53b5614eaf17.js:24:1596)
    at MessagePort.Gn (https://weather.com/daily/assets/3144.3144.33ae838c53b5614eaf17.js:24:1989)
[    7686ms] Error: Minified React error #418; visit https://reactjs.org/docs/error-decoder.html?invariant=418 for the full message or use the non-minified dev environment for full errors and additional helpful warnings.
    at wi (https://weather.com/daily/assets/3144.3144.33ae838c53b5614eaf17.js:14:4788)
    at ua (https://weather.com/daily/assets/3144.3144.33ae838c53b5614eaf17.js:16:45666)
    at ta (https://weather.com/daily/assets/3144.3144.33ae838c53b5614eaf17.js:16:39796)
    at Zc (https://weather.com/daily/assets/3144.3144.33ae838c53b5614eaf17.js:16:39727)
    at ml (https://weather.com/daily/assets/3144.3144.33ae838c53b5614eaf17.js:16:39586)
    at qs (https://weather.com/daily/assets/3144.3144.33ae838c53b5614eaf17.js:16:34697)
    at Ln (https://weather.com/daily/assets/3144.3144.33ae838c53b5614eaf17.js:24:1596)
    at MessagePort.Gn (https://weather.com/daily/assets/3144.3144.33ae838c53b5614eaf17.js:24:1989)
[    7686ms] Error: Minified React error #418; visit https://reactjs.org/docs/error-decoder.html?invariant=418 for the full message or use the non-minified dev environment for full errors and additional helpful warnings.
    at wi (https://weather.com/daily/assets/3144.3144.33ae838c53b5614eaf17.js:14:4788)
    at ua (https://weather.com/daily/assets/3144.3144.33ae838c53b5614eaf17.js:16:45666)
    at ta (https://weather.com/daily/assets/3144.3144.33ae838c53b5614eaf17.js:16:39796)
    at Zc (https://weather.com/daily/assets/3144.3144.33ae838c53b5614eaf17.js:16:39727)
    at ml (https://weather.com/daily/assets/3144.3144.33ae838c53b5614eaf17.js:16:39586)
    at qs (https://weather.com/daily/assets/3144.3144.33ae838c53b5614eaf17.js:16:34697)
    at Ln (https://weather.com/daily/assets/3144.3144.33ae838c53b5614eaf17.js:24:1596)
    at MessagePort.Gn (https://weather.com/daily/assets/3144.3144.33ae838c53b5614eaf17.js:24:1989)
[    7686ms] Error: Minified React error #423; visit https://reactjs.org/docs/error-decoder.html?invariant=423 for the full message or use the non-minified dev environment for full errors and additional helpful warnings.
    at ua (https://weather.com/daily/assets/3144.3144.33ae838c53b5614eaf17.js:16:45326)
    at ta (https://weather.com/daily/assets/3144.3144.33ae838c53b5614eaf17.js:16:39796)
    at Zc (https://weather.com/daily/assets/3144.3144.33ae838c53b5614eaf17.js:16:39727)
    at ml (https://weather.com/daily/assets/3144.3144.33ae838c53b5614eaf17.js:16:39586)
    at iu (https://weather.com/daily/assets/3144.3144.33ae838c53b5614eaf17.js:16:35971)
    at qs (https://weather.com/daily/assets/3144.3144.33ae838c53b5614eaf17.js:16:34924)
    at Ln (https://weather.com/daily/assets/3144.3144.33ae838c53b5614eaf17.js:24:1596)
    at MessagePort.Gn (https://weather.com/daily/assets/3144.3144.33ae838c53b5614eaf17.js:24:1989)
[    8017ms] [WARNING] Invalid policy position: auto - thumbnails-d-1x1 @ https://weather.com/weather/tenday/l/Mazury+Poland+PLXX4415:1:PL:87
[    8023ms] [WARNING] adgb - not initialized. @ https://weather.com/weather/tenday/l/Mazury+Poland+PLXX4415:1:PL:87
[    9511ms] [WARNING] For 'module-viewed', the corresponding attribute value of 'moduleTitle' must be a string, number, boolean, or null. @ https://weather.com/weather/tenday/l/Mazury+Poland+PLXX4415:1:PL:87
[    9511ms] [WARNING] For 'module-viewed', the corresponding attribute value of 'upsellCampaign' must be a string, number, boolean, or null. @ https://weather.com/weather/tenday/l/Mazury+Poland+PLXX4415:1:PL:87
[    9511ms] [WARNING] For 'module-viewed', the corresponding attribute value of 'upsellCreative' must be a string, number, boolean, or null. @ https://weather.com/weather/tenday/l/Mazury+Poland+PLXX4415:1:PL:87
[    9511ms] [WARNING] For 'module-viewed', the corresponding attribute value of 'upsellPlacement' must be a string, number, boolean, or null. @ https://weather.com/weather/tenday/l/Mazury+Poland+PLXX4415:1:PL:87
[    9512ms] [WARNING] For 'module-viewed', the corresponding attribute value of 'schemaVersion' must be a string, number, boolean, or null. @ https://weather.com/weather/tenday/l/Mazury+Poland+PLXX4415:1:PL:87
[    9762ms] [WARNING] For 'module-viewed', the corresponding attribute value of 'upsellCampaign' must be a string, number, boolean, or null. @ https://weather.com/weather/tenday/l/Mazury+Poland+PLXX4415:1:PL:87
[    9762ms] [WARNING] For 'module-viewed', the corresponding attribute value of 'upsellCreative' must be a string, number, boolean, or null. @ https://weather.com/weather/tenday/l/Mazury+Poland+PLXX4415:1:PL:87
[    9763ms] [WARNING] For 'module-viewed', the corresponding attribute value of 'upsellPlacement' must be a string, number, boolean, or null. @ https://weather.com/weather/tenday/l/Mazury+Poland+PLXX4415:1:PL:87
[    9763ms] [WARNING] For 'module-viewed', the corresponding attribute value of 'schemaVersion' must be a string, number, boolean, or null. @ https://weather.com/weather/tenday/l/Mazury+Poland+PLXX4415:1:PL:87
[   10052ms] [WARNING] The resource https://hq2zc2zefnwmg3wcm.ay.delivery/client-v2.js was preloaded using link preload but not used within a few seconds from the window's load event. Please make sure it has an appropriate `as` value and it is preloaded intentionally. @ https://weather.com/weather/tenday/l/Mazury+Poland+PLXX4415:1:PL:0
[   10052ms] [WARNING] The resource https://hq2zc2zefnwmg3wcm.ay.delivery/s2s-client-v1.js was preloaded using link preload but not used within a few seconds from the window's load event. Please make sure it has an appropriate `as` value and it is preloaded intentionally. @ https://weather.com/weather/tenday/l/Mazury+Poland+PLXX4415:1:PL:0
[   10911ms] [WARNING] [GSI_LOGGER]: Your client application uses one of the Google One Tap prompt UI status methods that may stop functioning when FedCM becomes mandatory. Refer to the migration guide to update your code accordingly and opt-in to FedCM to test your changes. Learn more: https://developers.google.com/identity/gsi/web/guides/fedcm-migration?s=dc#display_moment and https://developers.google.com/identity/gsi/web/guides/fedcm-migration?s=dc#skipped_moment @ https://weather.com/weather/tenday/l/Mazury+Poland+PLXX4415:1:PL:87
[   10916ms] [ERROR] Not signed in with the identity provider. @ https://weather.com/weather/tenday/l/Mazury+Poland+PLXX4415:1:PL:0
